<?xml version="1.0" encoding="UTF-8"?>
<testng-results skipped="0" failed="0" total="1" passed="1">
  <reporter-output>
  </reporter-output>
  <suite name="Default suite" duration-ms="26413" started-at="2016-12-16T18:14:35Z" finished-at="2016-12-16T18:15:01Z">
    <groups>
    </groups>
    <test name="Default test" duration-ms="26413" started-at="2016-12-16T18:14:35Z" finished-at="2016-12-16T18:15:01Z">
      <class name="com.Framework_Concept.utils.TestLoginPage">
        <test-method status="PASS" signature="loginTest()[pri:0, instance:com.Framework_Concept.utils.TestLoginPage@20e2cbe0]" name="loginTest" duration-ms="26365" started-at="2016-12-16T23:44:35Z" finished-at="2016-12-16T23:45:01Z">
          <reporter-output>
          </reporter-output>
        </test-method> <!-- loginTest -->
      </class> <!-- com.Framework_Concept.utils.TestLoginPage -->
    </test> <!-- Default test -->
  </suite> <!-- Default suite -->
</testng-results>
